From https://github.com/szelliot00-wq/content-tools
 * branch            main       -> FETCH_HEAD
Already up to date.
Competitor: Fluidtopics
    Platform: https://www.fluidtopics.com/platform/
      No significant change (0 chars)
    Content delivery: https://www.fluidtopics.com/capabilities/content-delivery/
      No significant change (0 chars)
    AI search: https://www.fluidtopics.com/capabilities/ai-search/
      No significant change (0 chars)
Competitor: oXygen XML Editor
    Product overview: https://www.oxygenxml.com/xml_editor.html
      No significant change (0 chars)
    Feature matrix: https://www.oxygenxml.com/xml_editor/feature_matrix.html
      No significant change (0 chars)
    Pricing: https://www.oxygenxml.com/buy.html
      No significant change (0 chars)
    Release history: https://www.oxygenxml.com/history.html
      No significant change (0 chars)
Competitor: Tridion
    Product overview: https://www.rws.com/content-management/tridion/
      No significant change (0 chars)
    Tridion Docs: https://www.rws.com/content-management/tridion/docs/
      No significant change (0 chars)
    Sites editions: https://www.rws.com/content-management/tridion/sites-editions/
      No significant change (0 chars)
    What's new - Sites: https://www.rws.com/content-management/tridion/whats-new-in-tridion-sites/
      No significant change (0 chars)
    What's new - Docs: https://www.rws.com/content-management/tridion/whats-new-in-tridion-docs/
      No significant change (0 chars)
No significant competitor changes detected.
No competitor changes to commit.
